\BOOKMARK [1][-]{section*.1}{\376\377\0000\0001\000.\000\040\000P\000R\000O\000O\000F\000S}{}% 1
\BOOKMARK [2][-]{section*.2}{\376\377\000s\000e\000t\000s\000\040\000o\000f\000\040\000n\000u\000m\000b\000e\000r\000s}{section*.1}% 2
\BOOKMARK [2][-]{section*.3}{\376\377\000b\000a\000s\000i\000c\000\040\000p\000r\000o\000p\000e\000r\000t\000i\000e\000s\000\040\000o\000f\000\040\000i\000n\000t\000e\000g\000e\000r\000s}{section*.1}% 3
\BOOKMARK [2][-]{section*.4}{\376\377\000d\000e\000f\000i\000n\000i\000t\000i\000o\000n\000s}{section*.1}% 4
\BOOKMARK [3][-]{section*.5}{\376\377\000r\000u\000l\000e\000s\000\040\000o\000f\000\040\000i\000n\000f\000e\000r\000e\000n\000c\000e}{section*.4}% 5
\BOOKMARK [1][-]{section*.6}{\376\377\0000\0004\000.\000\040\000M\000E\000T\000H\000O\000D\000S\000\040\000O\000F\000\040\000P\000R\000O\000O\000F}{}% 6
\BOOKMARK [2][-]{section*.7}{\376\377\000P\000r\000o\000o\000f\000\040\000b\000y\000\040\000E\000x\000h\000a\000u\000s\000t\000i\000o\000n\000/\000C\000a\000s\000e\000s}{section*.6}% 7
\BOOKMARK [2][-]{section*.8}{\376\377\000P\000r\000o\000o\000f\000\040\000b\000y\000\040\000C\000o\000n\000t\000r\000a\000d\000i\000c\000t\000i\000o\000n}{section*.6}% 8
\BOOKMARK [2][-]{section*.9}{\376\377\000P\000r\000o\000o\000f\000\040\000b\000y\000\040\000C\000o\000n\000t\000r\000a\000p\000o\000s\000i\000t\000i\000o\000n}{section*.6}% 9
\BOOKMARK [2][-]{section*.10}{\376\377\000P\000r\000o\000o\000f\000\040\000b\000y\000\040\000C\000o\000n\000s\000t\000r\000u\000c\000t\000i\000o\000n}{section*.6}% 10
\BOOKMARK [2][-]{section*.11}{\376\377\000P\000r\000o\000o\000f\000\040\000b\000y\000\040\000I\000n\000d\000u\000c\000t\000i\000o\000n}{section*.6}% 11
\BOOKMARK [2][-]{section*.12}{\376\377\000P\000r\000o\000o\000f\000s\000\040\000f\000o\000r\000\040\000S\000e\000t\000s}{section*.6}% 12
\BOOKMARK [2][-]{section*.13}{\376\377\000O\000t\000h\000e\000r\000\040\000P\000r\000o\000o\000f\000s}{section*.6}% 13
\BOOKMARK [1][-]{section*.14}{\376\377\0000\0002\000.\000\040\000C\000O\000M\000P\000O\000U\000N\000D\000\040\000S\000T\000A\000T\000E\000M\000E\000N\000T\000S}{}% 14
\BOOKMARK [2][-]{section*.15}{\376\377\000o\000p\000e\000r\000a\000t\000i\000o\000n\000s}{section*.14}% 15
\BOOKMARK [3][-]{section*.16}{\376\377\000l\000o\000g\000i\000c\000a\000l\000\040\000e\000q\000u\000i\000v\000a\000l\000e\000n\000c\000e}{section*.15}% 16
\BOOKMARK [2][-]{section*.17}{\376\377\000c\000o\000n\000d\000i\000t\000i\000o\000n\000a\000l\000\040\000s\000t\000a\000t\000e\000m\000e\000n\000t\000s}{section*.14}% 17
\BOOKMARK [2][-]{section*.18}{\376\377\000v\000a\000l\000i\000d\000\040\000a\000r\000g\000u\000m\000e\000n\000t\000s}{section*.14}% 18
\BOOKMARK [2][-]{section*.19}{\376\377\000f\000a\000l\000l\000a\000c\000i\000e\000s}{section*.14}% 19
\BOOKMARK [1][-]{section*.20}{\376\377\0000\0003\000.\000\040\000Q\000U\000A\000N\000T\000I\000F\000I\000E\000D\000\040\000S\000T\000A\000T\000E\000M\000E\000N\000T\000S}{}% 20
\BOOKMARK [1][-]{section*.21}{\376\377\0000\0005\000.\000\040\000S\000E\000T\000S}{}% 21
\BOOKMARK [2][-]{section*.22}{\376\377\000n\000o\000t\000a\000t\000i\000o\000n}{section*.21}% 22
\BOOKMARK [2][-]{section*.23}{\376\377\000d\000e\000f\000i\000n\000i\000t\000i\000o\000n\000s}{section*.21}% 23
\BOOKMARK [3][-]{section*.24}{\376\377\000m\000e\000t\000h\000o\000d\000s\000\040\000o\000f\000\040\000p\000r\000o\000o\000f\000\040\000f\000o\000r\000\040\000s\000e\000t\000s}{section*.23}% 24
\BOOKMARK [3][-]{section*.25}{\376\377\000b\000o\000o\000l\000e\000a\000n\000\040\000o\000p\000e\000r\000a\000t\000i\000o\000n\000s}{section*.23}% 25
\BOOKMARK [2][-]{section*.26}{\376\377\000o\000r\000d\000e\000r\000e\000d\000\040\000p\000a\000i\000r\000s\000\040\000a\000n\000d\000\040\000c\000a\000r\000t\000e\000s\000i\000a\000n\000\040\000p\000r\000o\000d\000u\000c\000t\000s}{section*.21}% 26
\BOOKMARK [1][-]{section*.27}{\376\377\0000\0006\000.\000\040\000F\000U\000N\000C\000T\000I\000O\000N\000S}{}% 27
\BOOKMARK [2][-]{section*.28}{\376\377\000d\000e\000f\000i\000n\000i\000t\000i\000o\000n\000s}{section*.27}% 28
\BOOKMARK [3][-]{section*.29}{\376\377\000e\000q\000u\000a\000l\000i\000t\000y\000\040\000o\000f\000\040\000f\000u\000n\000c\000t\000i\000o\000n\000s}{section*.28}% 29
\BOOKMARK [2][-]{section*.30}{\376\377\000f\000u\000n\000c\000t\000i\000o\000n\000\040\000c\000o\000m\000p\000o\000s\000i\000t\000i\000o\000n}{section*.27}% 30
\BOOKMARK [2][-]{section*.31}{\376\377\000i\000m\000a\000g\000e\000\040\000\046\000\040\000p\000r\000e\000-\000i\000m\000a\000g\000e}{section*.27}% 31
\BOOKMARK [2][-]{section*.32}{\376\377\000i\000n\000j\000e\000c\000t\000i\000o\000n\000\040\000\046\000\040\000s\000u\000r\000j\000e\000c\000t\000i\000o\000n}{section*.27}% 32
\BOOKMARK [3][-]{section*.33}{\376\377\000i\000n\000v\000e\000r\000s\000e}{section*.32}% 33
\BOOKMARK [1][-]{section*.34}{\376\377\0000\0007\000.\000\040\000I\000N\000D\000U\000C\000T\000I\000O\000N}{}% 34
\BOOKMARK [2][-]{section*.35}{\376\377\000m\000a\000t\000h\000e\000m\000a\000t\000i\000c\000a\000l\000\040\000i\000n\000d\000u\000c\000t\000i\000o\000n}{section*.34}% 35
\BOOKMARK [2][-]{section*.36}{\376\377\000s\000t\000r\000o\000n\000g\000\040\000M\000I}{section*.34}% 36
\BOOKMARK [2][-]{section*.37}{\376\377\000w\000e\000l\000l\000-\000o\000r\000d\000e\000r\000i\000n\000g\000\040\000p\000r\000i\000n\000c\000i\000p\000l\000e}{section*.34}% 37
\BOOKMARK [2][-]{section*.38}{\376\377\000R\000E\000C\000U\000R\000S\000I\000O\000N}{section*.34}% 38
\BOOKMARK [3][-]{section*.39}{\376\377\000r\000e\000c\000u\000r\000s\000i\000v\000e\000\040\000d\000e\000f\000i\000n\000i\000t\000i\000o\000n\000s}{section*.38}% 39
\BOOKMARK [3][-]{section*.40}{\376\377\000r\000e\000c\000u\000r\000s\000i\000o\000n\000\040\000v\000s\000\040\000i\000n\000d\000u\000c\000t\000i\000o\000n}{section*.38}% 40
\BOOKMARK [2][-]{section*.41}{\376\377\000w\000e\000l\000l\000-\000f\000o\000r\000m\000e\000d\000\040\000f\000o\000r\000m\000u\000l\000a\000s\000\040\000\050\000W\000F\000F\000\051}{section*.34}% 41
\BOOKMARK [3][-]{section*.42}{\376\377\000i\000n\000\040\000p\000r\000o\000p\000o\000s\000i\000t\000i\000o\000n\000a\000l\000\040\000l\000o\000g\000i\000c}{section*.41}% 42
\BOOKMARK [1][-]{section*.43}{\376\377\0000\0008\000.\000\040\000N\000U\000M\000B\000E\000R\000\040\000T\000H\000E\000O\000R\000Y}{}% 43
\BOOKMARK [2][-]{section*.44}{\376\377\000d\000i\000v\000i\000s\000i\000b\000i\000l\000i\000t\000y}{section*.43}% 44
\BOOKMARK [2][-]{section*.45}{\376\377\000b\000a\000s\000e\000-\000b\000\040\000r\000e\000p\000r\000e\000s\000e\000n\000t\000a\000t\000i\000o\000n}{section*.43}% 45
\BOOKMARK [2][-]{section*.46}{\376\377\000g\000r\000e\000a\000t\000e\000s\000t\000\040\000c\000o\000m\000m\000o\000n\000\040\000d\000i\000v\000i\000s\000o\000r}{section*.43}% 46
\BOOKMARK [2][-]{section*.47}{\376\377\000p\000r\000i\000m\000e\000\040\000f\000a\000c\000t\000o\000r\000i\000z\000a\000t\000i\000o\000n\000\040\000t\000h\000o\000e\000r\000e\000m}{section*.43}% 47
\BOOKMARK [2][-]{section*.48}{\376\377\000m\000o\000d\000u\000l\000a\000r\000\040\000a\000r\000i\000t\000h\000m\000e\000t\000i\000c}{section*.43}% 48
\BOOKMARK [3][-]{section*.49}{\376\377\000a\000d\000d\000i\000t\000i\000o\000n\000\040\000\046\000\040\000m\000u\000l\000t\000i\000p\000l\000i\000c\000a\000t\000i\000o\000n}{section*.48}% 49
\BOOKMARK [3][-]{section*.50}{\376\377\000a\000d\000d\000i\000t\000i\000v\000e\000\040\000i\000n\000v\000e\000r\000s\000e}{section*.48}% 50
\BOOKMARK [3][-]{section*.51}{\376\377\000m\000u\000l\000t\000i\000p\000l\000i\000c\000a\000t\000i\000v\000e\000\040\000i\000n\000v\000e\000r\000s\000e}{section*.48}% 51
\BOOKMARK [1][-]{section*.52}{\376\377\0000\0009\000.\000\040\000E\000Q\000U\000I\000V\000A\000L\000E\000N\000C\000E\000\040\000R\000E\000L\000A\000T\000I\000O\000N\000S}{}% 52
\BOOKMARK [2][-]{section*.53}{\376\377\000r\000e\000l\000a\000t\000i\000o\000n\000s}{section*.52}% 53
\BOOKMARK [3][-]{section*.54}{\376\377\000r\000e\000f\000l\000e\000x\000i\000v\000i\000t\000y\000,\000\040\000s\000y\000m\000m\000e\000t\000r\000y\000,\000\040\000t\000r\000a\000n\000s\000i\000t\000i\000v\000i\000t\000y}{section*.53}% 54
\BOOKMARK [2][-]{section*.55}{\376\377\000e\000q\000u\000i\000v\000a\000l\000e\000n\000c\000e\000\040\000c\000l\000a\000s\000s\000e\000s}{section*.52}% 55
\BOOKMARK [2][-]{section*.56}{\376\377\000p\000a\000r\000t\000i\000t\000i\000o\000n\000s}{section*.52}% 56
\BOOKMARK [2][-]{section*.57}{\376\377\000p\000a\000r\000t\000i\000a\000l\000\040\000o\000r\000d\000e\000r\000s}{section*.52}% 57
\BOOKMARK [2][-]{section*.58}{\376\377\000m\000i\000n\000\040\000a\000n\000d\000\040\000m\000a\000x}{section*.52}% 58
\BOOKMARK [3][-]{section*.59}{\376\377\000l\000i\000n\000e\000a\000r\000i\000z\000a\000t\000i\000o\000n}{section*.58}% 59
\BOOKMARK [1][-]{section*.60}{\376\377\0001\0000\000A\000.\000\040\000C\000O\000U\000N\000T\000I\000N\000G}{}% 60
\BOOKMARK [2][-]{section*.61}{\376\377\000p\000e\000r\000m\000u\000t\000a\000t\000i\000o\000n\000s}{section*.60}% 61
\BOOKMARK [3][-]{section*.62}{\376\377\000p\000e\000r\000m\000u\000t\000a\000t\000i\000o\000n\000s\000\040\000w\000i\000t\000h\000\040\000i\000n\000d\000i\000s\000t\000i\000n\000g\000u\000i\000s\000h\000a\000b\000l\000e\000\040\000o\000b\000j\000e\000c\000t\000s}{section*.61}% 62
\BOOKMARK [2][-]{section*.63}{\376\377\000p\000i\000g\000e\000o\000n\000h\000o\000l\000e\000\040\000p\000r\000i\000n\000c\000i\000p\000l\000e}{section*.60}% 63
\BOOKMARK [2][-]{section*.64}{\376\377\000c\000o\000m\000b\000i\000n\000a\000t\000i\000o\000n\000s}{section*.60}% 64
\BOOKMARK [3][-]{section*.65}{\376\377\000p\000a\000s\000c\000a\000l\000'\000s\000\040\000f\000o\000r\000m\000u\000l\000a}{section*.64}% 65
\BOOKMARK [3][-]{section*.66}{\376\377\000b\000i\000n\000o\000m\000i\000a\000l\000\040\000t\000h\000e\000o\000r\000e\000m}{section*.64}% 66
\BOOKMARK [1][-]{section*.67}{\376\377\0001\0000\000B\000.\000\040\000P\000R\000O\000B\000A\000B\000I\000L\000I\000T\000Y}{}% 67
\BOOKMARK [2][-]{section*.68}{\376\377\000p\000r\000o\000b\000a\000b\000i\000l\000i\000t\000y}{section*.67}% 68
\BOOKMARK [2][-]{section*.69}{\376\377\000e\000x\000p\000e\000c\000t\000e\000d\000\040\000v\000a\000l\000u\000e}{section*.67}% 69
\BOOKMARK [2][-]{section*.70}{\376\377\000c\000o\000n\000d\000i\000t\000i\000o\000n\000a\000l\000\040\000p\000r\000o\000b\000a\000b\000i\000l\000i\000t\000y}{section*.67}% 70
\BOOKMARK [2][-]{section*.71}{\376\377\000B\000a\000y\000e\000s\000'\000\040\000t\000h\000e\000o\000r\000e\000m}{section*.67}% 71
\BOOKMARK [3][-]{section*.72}{\376\377\000a\000p\000p\000l\000i\000c\000a\000t\000i\000o\000n\000\040\000o\000f\000\040\000B\000a\000y\000e\000s\000'\000\040\000t\000h\000e\000o\000r\000e\000m}{section*.71}% 72
\BOOKMARK [2][-]{section*.73}{\376\377\000i\000n\000d\000e\000p\000e\000n\000d\000e\000n\000t\000\040\000e\000v\000e\000n\000t\000s}{section*.67}% 73
\BOOKMARK [1][-]{section*.74}{\376\377\0001\0001\000.\000\040\000G\000R\000A\000P\000H\000S}{}% 74
\BOOKMARK [2][-]{section*.75}{\376\377\000t\000y\000p\000e\000s\000\040\000o\000f\000\040\000g\000r\000a\000p\000h\000s}{section*.74}% 75
\BOOKMARK [3][-]{section*.76}{\376\377\000u\000n\000d\000i\000r\000e\000c\000t\000e\000d\000\040\000g\000r\000a\000p\000h}{section*.75}% 76
\BOOKMARK [3][-]{section*.77}{\376\377\000d\000i\000r\000e\000c\000t\000e\000d\000\040\000g\000r\000a\000p\000h}{section*.75}% 77
\BOOKMARK [3][-]{section*.78}{\376\377\000s\000i\000m\000p\000l\000e\000\040\000g\000r\000a\000p\000h}{section*.75}% 78
\BOOKMARK [3][-]{section*.79}{\376\377\000c\000o\000m\000p\000l\000e\000t\000e\000\040\000g\000r\000a\000p\000h}{section*.75}% 79
\BOOKMARK [3][-]{section*.80}{\376\377\000b\000i\000p\000a\000r\000t\000i\000t\000e\000\040\000g\000r\000a\000p\000h}{section*.75}% 80
\BOOKMARK [3][-]{section*.81}{\376\377\000s\000u\000b\000g\000r\000a\000p\000h\000\040\000o\000f\000\040\000a\000\040\000g\000r\000a\000p\000h}{section*.75}% 81
\BOOKMARK [2][-]{section*.82}{\376\377\000d\000e\000g\000r\000e\000e}{section*.74}% 82
\BOOKMARK [2][-]{section*.83}{\376\377\000t\000r\000a\000i\000l\000s\000,\000\040\000p\000a\000t\000h\000s\000\040\000a\000n\000d\000\040\000c\000i\000r\000c\000u\000i\000t\000s}{section*.74}% 83
\BOOKMARK [2][-]{section*.84}{\376\377\000c\000o\000n\000n\000e\000c\000t\000e\000d\000n\000e\000s\000s}{section*.74}% 84
\BOOKMARK [3][-]{section*.85}{\376\377\000c\000o\000n\000n\000e\000c\000t\000e\000d\000\040\000c\000o\000m\000p\000o\000n\000e\000n\000t}{section*.84}% 85
\BOOKMARK [2][-]{section*.86}{\376\377\000E\000u\000l\000e\000r\000\040\000c\000i\000r\000c\000u\000i\000t}{section*.74}% 86
\BOOKMARK [2][-]{section*.87}{\376\377\000H\000a\000m\000i\000l\000t\000o\000n\000i\000a\000n\000\040\000c\000i\000r\000c\000u\000i\000t}{section*.74}% 87
\BOOKMARK [2][-]{section*.88}{\376\377\000m\000a\000t\000r\000i\000x\000\040\000r\000e\000p\000r\000e\000s\000e\000n\000t\000a\000t\000i\000o\000n\000s\000\040\000o\000f\000\040\000g\000r\000a\000p\000h\000s}{section*.74}% 88
\BOOKMARK [3][-]{section*.89}{\376\377\000a\000d\000j\000a\000c\000e\000n\000c\000y\000\040\000m\000a\000t\000r\000i\000x}{section*.88}% 89
\BOOKMARK [3][-]{section*.90}{\376\377\000i\000d\000e\000n\000t\000i\000t\000y\000\040\000m\000a\000t\000r\000i\000x}{section*.88}% 90
\BOOKMARK [2][-]{section*.91}{\376\377\000m\000a\000t\000r\000i\000x\000\040\000m\000u\000l\000t\000i\000p\000l\000i\000c\000a\000t\000i\000o\000n}{section*.74}% 91
\BOOKMARK [3][-]{section*.92}{\376\377\000s\000c\000a\000l\000a\000r\000\040\000p\000r\000o\000d\000u\000c\000t}{section*.91}% 92
\BOOKMARK [3][-]{section*.93}{\376\377\000m\000a\000t\000r\000i\000x\000\040\000p\000r\000o\000d\000u\000c\000t}{section*.91}% 93
\BOOKMARK [3][-]{section*.94}{\376\377\000n\000t\000h\000\040\000p\000o\000w\000e\000r\000\040\000o\000f\000\040\000a\000\040\000m\000a\000t\000r\000i\000x}{section*.91}% 94
\BOOKMARK [3][-]{section*.95}{\376\377\000c\000o\000u\000n\000t\000i\000n\000g\000\040\000w\000a\000l\000k\000s\000\040\000o\000f\000\040\000l\000e\000n\000g\000t\000h\000\040\000N}{section*.91}% 95
\BOOKMARK [2][-]{section*.96}{\376\377\000i\000s\000o\000m\000o\000r\000p\000h\000i\000s\000m}{section*.74}% 96
\BOOKMARK [2][-]{section*.97}{\376\377\000p\000l\000a\000n\000a\000r\000\040\000g\000r\000a\000p\000h}{section*.74}% 97
\BOOKMARK [2][-]{section*.98}{\376\377\000t\000r\000e\000e\000s}{section*.74}% 98
\BOOKMARK [2][-]{section*.99}{\376\377\000r\000o\000o\000t\000e\000d\000\040\000t\000r\000e\000e\000s}{section*.74}% 99
\BOOKMARK [3][-]{section*.100}{\376\377\000b\000i\000n\000a\000r\000y\000\040\000t\000r\000e\000e}{section*.99}% 100
\BOOKMARK [3][-]{section*.101}{\376\377\000b\000i\000n\000a\000r\000y\000\040\000t\000r\000e\000e\000\040\000t\000r\000a\000v\000e\000r\000s\000a\000l}{section*.99}% 101
\BOOKMARK [2][-]{section*.102}{\376\377\000s\000p\000a\000n\000n\000i\000n\000g\000\040\000t\000r\000e\000e\000s}{section*.74}% 102
\BOOKMARK [3][-]{section*.103}{\376\377\000K\000r\000u\000s\000k\000a\000l\000'\000s\000\040\000a\000l\000g\000o\000r\000i\000t\000h\000m}{section*.102}% 103
\BOOKMARK [3][-]{section*.104}{\376\377\000P\000r\000i\000m\000'\000s\000\040\000a\000l\000g\000o\000r\000i\000t\000h\000m}{section*.102}% 104
\BOOKMARK [1][-]{section*.105}{\376\377\000p\000r\000o\000v\000e\000n\000:}{}% 105
\BOOKMARK [2][-]{section*.106}{\376\377\000n\000u\000m\000b\000e\000r\000\040\000t\000h\000e\000o\000r\000y}{section*.105}% 106
\BOOKMARK [2][-]{section*.107}{\376\377\000l\000o\000g\000i\000c}{section*.105}% 107
\BOOKMARK [2][-]{section*.108}{\376\377\000s\000e\000t\000s}{section*.105}% 108
\BOOKMARK [2][-]{section*.109}{\376\377\000i\000n\000d\000u\000c\000t\000i\000o\000n}{section*.105}% 109
\BOOKMARK [2][-]{section*.110}{\376\377\000r\000e\000l\000a\000t\000i\000o\000n\000s}{section*.105}% 110
\BOOKMARK [2][-]{section*.111}{\376\377\000g\000r\000a\000p\000h\000s}{section*.105}% 111
