\BOOKMARK [1][-]{section*.1}{\376\377\0000\0001\000.\000\040\000P\000r\000o\000p\000o\000s\000i\000t\000i\000o\000n\000a\000l\000\040\000L\000o\000g\000i\000c}{}% 1
\BOOKMARK [2][-]{section*.2}{\376\377\000s\000e\000t\000s\000\040\000o\000f\000\040\000n\000u\000m\000b\000e\000r\000s}{section*.1}% 2
\BOOKMARK [2][-]{section*.3}{\376\377\000b\000a\000s\000i\000c\000\040\000p\000r\000o\000p\000e\000r\000t\000i\000e\000s\000\040\000o\000f\000\040\000i\000n\000t\000e\000g\000e\000r\000s}{section*.1}% 3
\BOOKMARK [2][-]{section*.4}{\376\377\000d\000e\000f\000i\000n\000i\000t\000i\000o\000n\000s}{section*.1}% 4
\BOOKMARK [3][-]{section*.5}{\376\377\000r\000u\000l\000e\000s\000\040\000o\000f\000\040\000i\000n\000f\000e\000r\000e\000n\000c\000e}{section*.4}% 5
\BOOKMARK [1][-]{section*.6}{\376\377\0000\0003\000.\000\040\000P\000R\000O\000O\000F\000S}{}% 6
\BOOKMARK [2][-]{section*.7}{\376\377\000P\000r\000o\000o\000f\000\040\000b\000y\000\040\000E\000x\000h\000a\000u\000s\000t\000i\000o\000n\000/\000C\000a\000s\000e\000s}{section*.6}% 7
\BOOKMARK [2][-]{section*.8}{\376\377\000P\000r\000o\000o\000f\000\040\000b\000y\000\040\000C\000o\000n\000t\000r\000a\000d\000i\000c\000t\000i\000o\000n}{section*.6}% 8
\BOOKMARK [2][-]{section*.9}{\376\377\000P\000r\000o\000o\000f\000\040\000b\000y\000\040\000C\000o\000n\000t\000r\000a\000p\000o\000s\000i\000t\000i\000o\000n}{section*.6}% 9
\BOOKMARK [2][-]{section*.10}{\376\377\000P\000r\000o\000o\000f\000\040\000b\000y\000\040\000C\000o\000n\000s\000t\000r\000u\000c\000t\000i\000o\000n}{section*.6}% 10
\BOOKMARK [2][-]{section*.11}{\376\377\000P\000r\000o\000o\000f\000\040\000b\000y\000\040\000I\000n\000d\000u\000c\000t\000i\000o\000n}{section*.6}% 11
\BOOKMARK [2][-]{section*.12}{\376\377\000I\000N\000D\000U\000C\000T\000I\000O\000N}{section*.6}% 12
\BOOKMARK [2][-]{section*.13}{\376\377\000m\000a\000t\000h\000e\000m\000a\000t\000i\000c\000a\000l\000\040\000i\000n\000d\000u\000c\000t\000i\000o\000n}{section*.6}% 13
\BOOKMARK [2][-]{section*.14}{\376\377\000s\000t\000r\000o\000n\000g\000\040\000M\000I}{section*.6}% 14
\BOOKMARK [2][-]{section*.15}{\376\377\000P\000r\000o\000o\000f\000s\000\040\000f\000o\000r\000\040\000S\000e\000t\000s}{section*.6}% 15
\BOOKMARK [2][-]{section*.16}{\376\377\000O\000t\000h\000e\000r\000\040\000P\000r\000o\000o\000f\000s}{section*.6}% 16
\BOOKMARK [1][-]{section*.17}{\376\377\0000\0002\000.\000\040\000P\000R\000E\000D\000I\000C\000A\000T\000E\000\040\000L\000O\000G\000I\000C}{}% 17
\BOOKMARK [2][-]{section*.18}{\376\377\000o\000p\000e\000r\000a\000t\000i\000o\000n\000s}{section*.17}% 18
\BOOKMARK [3][-]{section*.19}{\376\377\000l\000o\000g\000i\000c\000a\000l\000\040\000e\000q\000u\000i\000v\000a\000l\000e\000n\000c\000e}{section*.18}% 19
\BOOKMARK [2][-]{section*.20}{\376\377\000c\000o\000n\000d\000i\000t\000i\000o\000n\000a\000l\000\040\000s\000t\000a\000t\000e\000m\000e\000n\000t\000s}{section*.17}% 20
\BOOKMARK [2][-]{section*.21}{\376\377\000v\000a\000l\000i\000d\000\040\000a\000r\000g\000u\000m\000e\000n\000t\000s}{section*.17}% 21
\BOOKMARK [2][-]{section*.22}{\376\377\000f\000a\000l\000l\000a\000c\000i\000e\000s}{section*.17}% 22
\BOOKMARK [1][-]{section*.23}{\376\377\000Q\000U\000A\000N\000T\000I\000F\000I\000E\000D\000\040\000S\000T\000A\000T\000E\000M\000E\000N\000T\000S}{}% 23
\BOOKMARK [1][-]{section*.24}{\376\377\0000\0004\000.\000\040\000S\000E\000T\000S}{}% 24
\BOOKMARK [2][-]{section*.25}{\376\377\000n\000o\000t\000a\000t\000i\000o\000n}{section*.24}% 25
\BOOKMARK [2][-]{section*.26}{\376\377\000d\000e\000f\000i\000n\000i\000t\000i\000o\000n\000s}{section*.24}% 26
\BOOKMARK [3][-]{section*.27}{\376\377\000m\000e\000t\000h\000o\000d\000s\000\040\000o\000f\000\040\000p\000r\000o\000o\000f\000\040\000f\000o\000r\000\040\000s\000e\000t\000s}{section*.26}% 27
\BOOKMARK [3][-]{section*.28}{\376\377\000b\000o\000o\000l\000e\000a\000n\000\040\000o\000p\000e\000r\000a\000t\000i\000o\000n\000s}{section*.26}% 28
\BOOKMARK [1][-]{section*.29}{\376\377\0000\0005\000.\000\040\000R\000E\000L\000A\000T\000I\000O\000N\000S}{}% 29
\BOOKMARK [2][-]{section*.30}{\376\377\000o\000r\000d\000e\000r\000e\000d\000\040\000p\000a\000i\000r\000s}{section*.29}% 30
\BOOKMARK [2][-]{section*.31}{\376\377\000r\000e\000l\000a\000t\000i\000o\000n\000s}{section*.29}% 31
\BOOKMARK [2][-]{section*.32}{\376\377\000o\000p\000e\000r\000a\000t\000i\000o\000n\000s\000\040\000o\000n\000\040\000r\000e\000l\000a\000t\000i\000o\000n\000s}{section*.29}% 32
\BOOKMARK [1][-]{section*.33}{\376\377\0000\0006\000.\000\040\000E\000Q\000U\000I\000V\000A\000L\000E\000N\000C\000E\000\040\000R\000E\000L\000A\000T\000I\000O\000N\000S\000\040\000A\000N\000D\000\040\000P\000A\000R\000T\000I\000A\000L\000\040\000O\000R\000D\000E\000R\000S}{}% 33
\BOOKMARK [2][-]{section*.34}{\376\377\000r\000e\000f\000l\000e\000x\000i\000v\000i\000t\000y\000,\000\040\000s\000y\000m\000m\000e\000t\000r\000y\000,\000\040\000t\000r\000a\000n\000s\000i\000t\000i\000v\000i\000t\000y}{section*.33}% 34
\BOOKMARK [2][-]{section*.35}{\376\377\000e\000q\000u\000i\000v\000a\000l\000e\000n\000c\000e\000\040\000c\000l\000a\000s\000s\000e\000s}{section*.33}% 35
\BOOKMARK [2][-]{section*.36}{\376\377\000p\000a\000r\000t\000i\000t\000i\000o\000n\000s}{section*.33}% 36
\BOOKMARK [2][-]{section*.37}{\376\377\000p\000a\000r\000t\000i\000a\000l\000\040\000o\000r\000d\000e\000r\000s}{section*.33}% 37
\BOOKMARK [2][-]{section*.38}{\376\377\000w\000e\000l\000l\000-\000o\000r\000d\000e\000r\000i\000n\000g\000\040\000p\000r\000i\000n\000c\000i\000p\000l\000e}{section*.33}% 38
\BOOKMARK [1][-]{section*.39}{\376\377\0000\0007\000.\000\040\000F\000U\000N\000C\000T\000I\000O\000N\000S}{}% 39
\BOOKMARK [2][-]{section*.40}{\376\377\000d\000e\000f\000i\000n\000i\000t\000i\000o\000n\000s}{section*.39}% 40
\BOOKMARK [3][-]{section*.41}{\376\377\000e\000q\000u\000a\000l\000i\000t\000y\000\040\000o\000f\000\040\000f\000u\000n\000c\000t\000i\000o\000n\000s}{section*.40}% 41
\BOOKMARK [2][-]{section*.42}{\376\377\000f\000u\000n\000c\000t\000i\000o\000n\000\040\000c\000o\000m\000p\000o\000s\000i\000t\000i\000o\000n}{section*.39}% 42
\BOOKMARK [2][-]{section*.43}{\376\377\000i\000m\000a\000g\000e\000\040\000\046\000\040\000p\000r\000e\000-\000i\000m\000a\000g\000e}{section*.39}% 43
\BOOKMARK [2][-]{section*.44}{\376\377\000i\000n\000j\000e\000c\000t\000i\000o\000n\000\040\000\046\000\040\000s\000u\000r\000j\000e\000c\000t\000i\000o\000n}{section*.39}% 44
\BOOKMARK [3][-]{section*.45}{\376\377\000i\000n\000v\000e\000r\000s\000e}{section*.44}% 45
\BOOKMARK [1][-]{section*.46}{\376\377\0008\000.\000\040\000C\000A\000R\000D\000I\000N\000A\000L\000I\000T\000Y}{}% 46
\BOOKMARK [2][-]{section*.47}{\376\377\000p\000i\000g\000e\000o\000n\000h\000o\000l\000e\000\040\000p\000r\000i\000n\000c\000i\000p\000l\000e}{section*.46}% 47
\BOOKMARK [2][-]{section*.48}{\376\377\000d\000u\000a\000l\000\040\000p\000i\000g\000e\000o\000n\000h\000o\000l\000e\000\040\000p\000r\000i\000n\000c\000i\000p\000l\000e}{section*.46}% 48
\BOOKMARK [2][-]{section*.49}{\376\377\000T\0008\000.\0001\000.\0003}{section*.46}% 49
\BOOKMARK [2][-]{section*.50}{\376\377\000s\000a\000m\000e\000\040\000c\000a\000r\000d\000i\000n\000a\000l\000i\000t\000y}{section*.46}% 50
\BOOKMARK [2][-]{section*.51}{\376\377\000f\000i\000n\000i\000t\000e\000\040\000s\000e\000t\000s}{section*.46}% 51
\BOOKMARK [1][-]{section*.52}{\376\377\0009\000.\000\040\000C\000O\000U\000N\000T\000A\000B\000I\000L\000I\000T\000Y}{}% 52
\BOOKMARK [1][-]{section*.53}{\376\377\0001\0000\000.\000\040\000C\000O\000U\000N\000T\000I\000N\000G}{}% 53
\BOOKMARK [2][-]{section*.54}{\376\377\000p\000e\000r\000m\000u\000t\000a\000t\000i\000o\000n\000s}{section*.53}% 54
\BOOKMARK [3][-]{section*.55}{\376\377\000p\000e\000r\000m\000u\000t\000a\000t\000i\000o\000n\000s\000\040\000w\000i\000t\000h\000\040\000i\000n\000d\000i\000s\000t\000i\000n\000g\000u\000i\000s\000h\000a\000b\000l\000e\000\040\000o\000b\000j\000e\000c\000t\000s}{section*.54}% 55
\BOOKMARK [2][-]{section*.56}{\376\377\000c\000o\000m\000b\000i\000n\000a\000t\000i\000o\000n\000s}{section*.53}% 56
\BOOKMARK [3][-]{section*.57}{\376\377\000p\000a\000s\000c\000a\000l\000'\000s\000\040\000f\000o\000r\000m\000u\000l\000a}{section*.56}% 57
\BOOKMARK [3][-]{section*.58}{\376\377\000b\000i\000n\000o\000m\000i\000a\000l\000\040\000t\000h\000e\000o\000r\000e\000m}{section*.56}% 58
\BOOKMARK [1][-]{section*.59}{\376\377\0001\0001\000.\000\040\000G\000R\000A\000P\000H\000S}{}% 59
\BOOKMARK [2][-]{section*.60}{\376\377\000t\000y\000p\000e\000s\000\040\000o\000f\000\040\000g\000r\000a\000p\000h\000s}{section*.59}% 60
\BOOKMARK [3][-]{section*.61}{\376\377\000u\000n\000d\000i\000r\000e\000c\000t\000e\000d\000\040\000g\000r\000a\000p\000h}{section*.60}% 61
\BOOKMARK [3][-]{section*.62}{\376\377\000d\000i\000r\000e\000c\000t\000e\000d\000\040\000g\000r\000a\000p\000h}{section*.60}% 62
\BOOKMARK [3][-]{section*.63}{\376\377\000s\000i\000m\000p\000l\000e\000\040\000g\000r\000a\000p\000h}{section*.60}% 63
\BOOKMARK [3][-]{section*.64}{\376\377\000c\000o\000m\000p\000l\000e\000t\000e\000\040\000g\000r\000a\000p\000h}{section*.60}% 64
\BOOKMARK [3][-]{section*.65}{\376\377\000s\000u\000b\000g\000r\000a\000p\000h\000\040\000o\000f\000\040\000a\000\040\000g\000r\000a\000p\000h}{section*.60}% 65
\BOOKMARK [2][-]{section*.66}{\376\377\000p\000a\000t\000h\000s\000\040\000a\000n\000d\000\040\000w\000a\000l\000k\000s}{section*.59}% 66
\BOOKMARK [2][-]{section*.67}{\376\377\000c\000y\000c\000l\000e\000s}{section*.59}% 67
\BOOKMARK [2][-]{section*.68}{\376\377\000c\000o\000n\000n\000e\000c\000t\000e\000d\000n\000e\000s\000s}{section*.59}% 68
\BOOKMARK [3][-]{section*.69}{\376\377\000c\000o\000n\000n\000e\000c\000t\000e\000d\000\040\000c\000o\000m\000p\000o\000n\000e\000n\000t}{section*.68}% 69
\BOOKMARK [2][-]{section*.70}{\376\377\000H\000a\000m\000i\000l\000t\000o\000n\000i\000a\000n\000\040\000c\000i\000r\000c\000u\000i\000t}{section*.59}% 70
\BOOKMARK [3][-]{section*.71}{\376\377\000c\000o\000u\000n\000t\000i\000n\000g\000\040\000w\000a\000l\000k\000s\000\040\000o\000f\000\040\000l\000e\000n\000g\000t\000h\000\040\000N}{section*.70}% 71
\BOOKMARK [2][-]{section*.72}{\376\377\000i\000s\000o\000m\000o\000r\000p\000h\000i\000s\000m}{section*.59}% 72
\BOOKMARK [1][-]{section*.73}{\376\377\0001\0001\000.\000\040\000T\000R\000E\000E\000S}{}% 73
\BOOKMARK [2][-]{section*.74}{\376\377\000r\000o\000o\000t\000e\000d\000\040\000t\000r\000e\000e\000s}{section*.73}% 74
\BOOKMARK [3][-]{section*.75}{\376\377\000b\000i\000n\000a\000r\000y\000\040\000t\000r\000e\000e}{section*.74}% 75
\BOOKMARK [3][-]{section*.76}{\376\377\000b\000i\000n\000a\000r\000y\000\040\000t\000r\000e\000e\000\040\000t\000r\000a\000v\000e\000r\000s\000a\000l}{section*.74}% 76
\BOOKMARK [2][-]{section*.77}{\376\377\000s\000p\000a\000n\000n\000i\000n\000g\000\040\000t\000r\000e\000e\000s}{section*.73}% 77
\BOOKMARK [3][-]{section*.78}{\376\377\000K\000r\000u\000s\000k\000a\000l\000'\000s\000\040\000a\000l\000g\000o\000r\000i\000t\000h\000m}{section*.77}% 78
\BOOKMARK [3][-]{section*.79}{\376\377\000P\000r\000i\000m\000'\000s\000\040\000a\000l\000g\000o\000r\000i\000t\000h\000m}{section*.77}% 79
\BOOKMARK [1][-]{section*.80}{\376\377\000p\000r\000o\000v\000e\000n\000:}{}% 80
\BOOKMARK [2][-]{section*.81}{\376\377\000n\000u\000m\000b\000e\000r\000\040\000t\000h\000e\000o\000r\000y}{section*.80}% 81
\BOOKMARK [2][-]{section*.82}{\376\377\000l\000o\000g\000i\000c}{section*.80}% 82
\BOOKMARK [2][-]{section*.83}{\376\377\000s\000e\000t\000s}{section*.80}% 83
\BOOKMARK [2][-]{section*.84}{\376\377\000r\000e\000l\000a\000t\000i\000o\000n\000s}{section*.80}% 84
\BOOKMARK [2][-]{section*.85}{\376\377\000f\000u\000n\000c\000t\000i\000o\000n\000s}{section*.80}% 85
\BOOKMARK [2][-]{section*.86}{\376\377\000g\000r\000a\000p\000h\000s}{section*.80}% 86
